# JRE version: Java(TM) SE Runtime Environment (8.0_66-b17) (build 1.8.0_66-b17)
# Java VM: Java HotSpot(TM) 64-Bit Server VM (25.66-b17 mixed mode linux-amd64 compressed oops)
Heap:
 PSYoungGen      total 522752K, used 0K [0x00000000d6d00000, 0x0000000100000000, 0x0000000100000000)
  eden space 376320K, 0% used [0x00000000d6d00000,0x00000000d6d00000,0x00000000edc80000)
  from space 146432K, 0% used [0x00000000edc80000,0x00000000edc80000,0x00000000f6b80000)
  to   space 152064K, 0% used [0x00000000f6b80000,0x00000000f6b80000,0x0000000100000000)
 ParOldGen       total 293888K, used 274276K [0x0000000084600000, 0x0000000096500000, 0x00000000d6d00000)
  object space 293888K, 93% used [0x0000000084600000,0x00000000951d9200,0x0000000096500000)
 Metaspace       used 13852K, capacity 14060K, committed 14336K, reserved 1062912K
  class space    used 1671K, capacity 1740K, committed 1792K, reserved 1048576K
GC Heap History (10 events):
Event: 90,571 GC heap after
Heap after GC invocations=23 (full 2):
 PSYoungGen      total 498688K, used 94231K [0x00000000d6d00000, 0x00000000ff780000, 0x0000000100000000)
  eden space 346112K, 0% used [0x00000000d6d00000,0x00000000d6d00000,0x00000000ebf00000)
  from space 152576K, 61% used [0x00000000ebf00000,0x00000000f1b05dd8,0x00000000f5400000)
  to   space 151552K, 0% used [0x00000000f6380000,0x00000000f6380000,0x00000000ff780000)
 ParOldGen       total 293888K, used 180963K [0x0000000084600000, 0x0000000096500000, 0x00000000d6d00000)
  object space 293888K, 61% used [0x0000000084600000,0x000000008f6b8c10,0x0000000096500000)
 Metaspace       used 13798K, capacity 13996K, committed 14336K, reserved 1062912K
  class space    used 1670K, capacity 1740K, committed 1792K, reserved 1048576K
}
Event: 94,483 GC heap before
{Heap before GC invocations=24 (full 2):
 PSYoungGen      total 498688K, used 440343K [0x00000000d6d00000, 0x00000000ff780000, 0x0000000100000000)
  eden space 346112K, 100% used [0x00000000d6d00000,0x00000000ebf00000,0x00000000ebf00000)
  from space 152576K, 61% used [0x00000000ebf00000,0x00000000f1b05dd8,0x00000000f5400000)
  to   space 151552K, 0% used [0x00000000f6380000,0x00000000f6380000,0x00000000ff780000)
 ParOldGen       total 293888K, used 180963K [0x0000000084600000, 0x0000000096500000, 0x00000000d6d00000)
  object space 293888K, 61% used [0x0000000084600000,0x000000008f6b8c10,0x0000000096500000)
 Metaspace       used 13805K, capacity 13996K, committed 14336K, reserved 1062912K
  class space    used 1671K, capacity 1740K, committed 1792K, reserved 1048576K
Event: 94,600 GC heap after
Heap after GC invocations=24 (full 2):
 PSYoungGen      total 508416K, used 94469K [0x00000000d6d00000, 0x00000000ff300000, 0x0000000100000000)
  eden space 361472K, 0% used [0x00000000d6d00000,0x00000000d6d00000,0x00000000ece00000)
  from space 146944K, 64% used [0x00000000f6380000,0x00000000fbfc15b8,0x00000000ff300000)
  to   space 150016K, 0% used [0x00000000ece00000,0x00000000ece00000,0x00000000f6080000)
 ParOldGen       total 293888K, used 180971K [0x0000000084600000, 0x0000000096500000, 0x00000000d6d00000)
  object space 293888K, 61% used [0x0000000084600000,0x000000008f6bac10,0x0000000096500000)
 Metaspace       used 13805K, capacity 13996K, committed 14336K, reserved 1062912K
  class space    used 1671K, capacity 1740K, committed 1792K, reserved 1048576K
}
Event: 98,812 GC heap before
{Heap before GC invocations=25 (full 2):
 PSYoungGen      total 508416K, used 455941K [0x00000000d6d00000, 0x00000000ff300000, 0x0000000100000000)
  eden space 361472K, 100% used [0x00000000d6d00000,0x00000000ece00000,0x00000000ece00000)
  from space 146944K, 64% used [0x00000000f6380000,0x00000000fbfc15b8,0x00000000ff300000)
  to   space 150016K, 0% used [0x00000000ece00000,0x00000000ece00000,0x00000000f6080000)
 ParOldGen       total 293888K, used 180971K [0x0000000084600000, 0x0000000096500000, 0x00000000d6d00000)
  object space 293888K, 61% used [0x0000000084600000,0x000000008f6bac10,0x0000000096500000)
 Metaspace       used 13837K, capacity 14060K, committed 14336K, reserved 1062912K
  class space    used 1671K, capacity 1740K, committed 1792K, reserved 1048576K
Event: 98,910 GC heap after
Heap after GC invocations=25 (full 2):
 PSYoungGen      total 511488K, used 92215K [0x00000000d6d00000, 0x00000000ffc00000, 0x0000000100000000)
  eden space 361472K, 0% used [0x00000000d6d00000,0x00000000d6d00000,0x00000000ece00000)
  from space 150016K, 61% used [0x00000000ece00000,0x00000000f280ddd8,0x00000000f6080000)
  to   space 147456K, 0% used [0x00000000f6c00000,0x00000000f6c00000,0x00000000ffc00000)
 ParOldGen       total 293888K, used 183147K [0x0000000084600000, 0x0000000096500000, 0x00000000d6d00000)
  object space 293888K, 62% used [0x0000000084600000,0x000000008f8dacf0,0x0000000096500000)
 Metaspace       used 13837K, capacity 14060K, committed 14336K, reserved 1062912K
  class space    used 1671K, capacity 1740K, committed 1792K, reserved 1048576K
}
Event: 102,304 GC heap before
{Heap before GC invocations=26 (full 2):
 PSYoungGen      total 511488K, used 453687K [0x00000000d6d00000, 0x00000000ffc00000, 0x0000000100000000)
  eden space 361472K, 100% used [0x00000000d6d00000,0x00000000ece00000,0x00000000ece00000)
  from space 150016K, 61% used [0x00000000ece00000,0x00000000f280ddd8,0x00000000f6080000)
  to   space 147456K, 0% used [0x00000000f6c00000,0x00000000f6c00000,0x00000000ffc00000)
 ParOldGen       total 293888K, used 183147K [0x0000000084600000, 0x0000000096500000, 0x00000000d6d00000)
  object space 293888K, 62% used [0x0000000084600000,0x000000008f8dacf0,0x0000000096500000)
 Metaspace       used 13846K, capacity 14060K, committed 14336K, reserved 1062912K
  class space    used 1671K, capacity 1740K, committed 1792K, reserved 1048576K
Event: 102,462 GC heap after
Heap after GC invocations=26 (full 2):
 PSYoungGen      total 522240K, used 49801K [0x00000000d6d00000, 0x00000000ffa80000, 0x0000000100000000)
  eden space 376320K, 0% used [0x00000000d6d00000,0x00000000d6d00000,0x00000000edc80000)
  from space 145920K, 34% used [0x00000000f6c00000,0x00000000f9ca25f8,0x00000000ffa80000)
  to   space 146432K, 0% used [0x00000000edc80000,0x00000000edc80000,0x00000000f6b80000)
 ParOldGen       total 293888K, used 225504K [0x0000000084600000, 0x0000000096500000, 0x00000000d6d00000)
  object space 293888K, 76% used [0x0000000084600000,0x0000000092238080,0x0000000096500000)
 Metaspace       used 13846K, capacity 14060K, committed 14336K, reserved 1062912K
  class space    used 1671K, capacity 1740K, committed 1792K, reserved 1048576K
}
Event: 105,687 GC heap before
{Heap before GC invocations=27 (full 2):
 PSYoungGen      total 522240K, used 426121K [0x00000000d6d00000, 0x00000000ffa80000, 0x0000000100000000)
  eden space 376320K, 100% used [0x00000000d6d00000,0x00000000edc80000,0x00000000edc80000)
  from space 145920K, 34% used [0x00000000f6c00000,0x00000000f9ca25f8,0x00000000ffa80000)
  to   space 146432K, 0% used [0x00000000edc80000,0x00000000edc80000,0x00000000f6b80000)
 ParOldGen       total 293888K, used 225504K [0x0000000084600000, 0x0000000096500000, 0x00000000d6d00000)
  object space 293888K, 76% used [0x0000000084600000,0x0000000092238080,0x0000000096500000)
 Metaspace       used 13852K, capacity 14060K, committed 14336K, reserved 1062912K
  class space    used 1671K, capacity 1740K, committed 1792K, reserved 1048576K
Event: 105,953 GC heap after
Heap after GC invocations=27 (full 2):
 PSYoungGen      total 522752K, used 5381K [0x00000000d6d00000, 0x0000000100000000, 0x0000000100000000)
  eden space 376320K, 0% used [0x00000000d6d00000,0x00000000d6d00000,0x00000000edc80000)
  from space 146432K, 3% used [0x00000000edc80000,0x00000000ee1c15b8,0x00000000f6b80000)
  to   space 152064K, 0% used [0x00000000f6b80000,0x00000000f6b80000,0x0000000100000000)
 ParOldGen       total 293888K, used 269808K [0x0000000084600000, 0x0000000096500000, 0x00000000d6d00000)
  object space 293888K, 91% used [0x0000000084600000,0x0000000094d7c060,0x0000000096500000)
 Metaspace       used 13852K, capacity 14060K, committed 14336K, reserved 1062912K
  class space    used 1671K, capacity 1740K, committed 1792K, reserved 1048576K
}
Event: 106,038 GC heap before
{Heap before GC invocations=28 (full 3):
 PSYoungGen      total 522752K, used 5381K [0x00000000d6d00000, 0x0000000100000000, 0x0000000100000000)
  eden space 376320K, 0% used [0x00000000d6d00000,0x00000000d6d00000,0x00000000edc80000)
  from space 146432K, 3% used [0x00000000edc80000,0x00000000ee1c15b8,0x00000000f6b80000)
  to   space 152064K, 0% used [0x00000000f6b80000,0x00000000f6b80000,0x0000000100000000)
 ParOldGen       total 293888K, used 269808K [0x0000000084600000, 0x0000000096500000, 0x00000000d6d00000)
  object space 293888K, 91% used [0x0000000084600000,0x0000000094d7c060,0x0000000096500000)
 Metaspace       used 13852K, capacity 14060K, committed 14336K, reserved 1062912K
  class space    used 1671K, capacity 1740K, committed 1792K, reserved 1048576K

